[    0.000000] Linux version 4.15.0-45-generic (buildd@lgw01-amd64-031) (gcc version 7.3.0 (Ubuntu 7.3.0-16ubuntu3)) #48-Ubuntu SMP Tue Jan 29 16:28:13 UTC 2019 (Ubuntu 4.15.0-45.48-generic 4.15.18)
[    0.000000] Command line: BOOT_IMAGE=/boot/vmlinuz-4.15.0-45-generic root=LABEL=cloudimg-rootfs ro console=tty1 console=ttyS0
[    0.000000] KERNEL supported cpus:
[    0.000000]   Intel GenuineIntel
[    0.000000]   AMD AuthenticAMD
[    0.000000]   Centaur CentaurHauls
[    0.000000] x86/fpu: Supporting XSAVE feature 0x001: 'x87 floating point registers'
[    0.000000] x86/fpu: Supporting XSAVE feature 0x002: 'SSE registers'
[    0.000000] x86/fpu: Supporting XSAVE feature 0x004: 'AVX registers'
[    0.000000] x86/fpu: xstate_offset[2]:  576, xstate_sizes[2]:  256
[    0.000000] x86/fpu: Enabled xstate features 0x7, context size is 832 bytes, using 'standard' format.
[    0.000000] e820: BIOS-provided physical RAM map:
[    0.000000] BIOS-e820: [mem 0x0000000000000000-0x000000000009fbff] usable
[    0.000000] BIOS-e820: [mem 0x000000000009fc00-0x000000000009ffff] reserved
[    0.000000] BIOS-e820: [mem 0x00000000000f0000-0x00000000000fffff] reserved
[    0.000000] BIOS-e820: [mem 0x0000000000100000-0x000000007ffeffff] usable
[    0.000000] BIOS-e820: [mem 0x000000007fff0000-0x000000007fffffff] ACPI data
[    0.000000] BIOS-e820: [mem 0x00000000fec00000-0x00000000fec00fff] reserved
[    0.000000] BIOS-e820: [mem 0x00000000fee00000-0x00000000fee00fff] reserved
[    0.000000] BIOS-e820: [mem 0x00000000fffc0000-0x00000000ffffffff] reserved
[    0.000000] NX (Execute Disable) protection: active
[    0.000000] SMBIOS 2.5 present.
[    0.000000] DMI: innotek GmbH VirtualBox/VirtualBox, BIOS VirtualBox 12/01/2006
[    0.000000] Hypervisor detected: KVM
[    0.000000] e820: last_pfn = 0x7fff0 max_arch_pfn = 0x400000000
[    0.000000] MTRR: Disabled
[    0.000000] x86/PAT: MTRRs disabled, skipping PAT initialization too.
[    0.000000] CPU MTRRs all blank - virtualized system.
[    0.000000] x86/PAT: Configuration [0-7]: WB  WT  UC- UC  WB  WT  UC- UC  
[    0.000000] found SMP MP-table at [mem 0x0009fff0-0x0009ffff] mapped at [        (ptrval)]
[    0.000000] Scanning 1 areas for low memory corruption
[    0.000000] RAMDISK: [mem 0x35adf000-0x36d66fff]
[    0.000000] ACPI: Early table checksum verification disabled
[    0.000000] ACPI: RSDP 0x00000000000E0000 000024 (v02 VBOX  )
[    0.000000] ACPI: XSDT 0x000000007FFF0030 00003C (v01 VBOX   VBOXXSDT 00000001 ASL  00000061)
[    0.000000] ACPI: FACP 0x000000007FFF00F0 0000F4 (v04 VBOX   VBOXFACP 00000001 ASL  00000061)
[    0.000000] ACPI: DSDT 0x000000007FFF0470 0021FF (v02 VBOX   VBOXBIOS 00000002 INTL 20180105)
[    0.000000] ACPI: FACS 0x000000007FFF0200 000040
[    0.000000] ACPI: FACS 0x000000007FFF0200 000040
[    0.000000] ACPI: APIC 0x000000007FFF0240 00005C (v02 VBOX   VBOXAPIC 00000001 ASL  00000061)
[    0.000000] ACPI: SSDT 0x000000007FFF02A0 0001CC (v01 VBOX   VBOXCPUT 00000002 INTL 20180105)
[    0.000000] No NUMA configuration found
[    0.000000] Faking a node at [mem 0x0000000000000000-0x000000007ffeffff]
[    0.000000] NODE_DATA(0) allocated [mem 0x7ffc5000-0x7ffeffff]
[    0.000000] kvm-clock: cpu 0, msr 0:7ff44001, primary cpu clock
[    0.000000] kvm-clock: Using msrs 4b564d01 and 4b564d00
[    0.000000] kvm-clock: using sched offset of 3384256464 cycles
[    0.000000] clocksource: kvm-clock: mask: 0xffffffffffffffff max_cycles: 0x1cd42e4dffb, max_idle_ns: 881590591483 ns
[    0.000000] Zone ranges:
[    0.000000]   DMA      [mem 0x0000000000001000-0x0000000000ffffff]
[    0.000000]   DMA32    [mem 0x0000000001000000-0x000000007ffeffff]
[    0.000000]   Normal   empty
[    0.000000]   Device   empty
[    0.000000] Movable zone start for each node
[    0.000000] Early memory node ranges
[    0.000000]   node   0: [mem 0x0000000000001000-0x000000000009efff]
[    0.000000]   node   0: [mem 0x0000000000100000-0x000000007ffeffff]
[    0.000000] Reserved but unavailable: 114 pages
[    0.000000] Initmem setup node 0 [mem 0x0000000000001000-0x000000007ffeffff]
[    0.000000] ACPI: PM-Timer IO Port: 0x4008
[    0.000000] IOAPIC[0]: apic_id 2, version 32, address 0xfec00000, GSI 0-23
[    0.000000] ACPI: INT_SRC_OVR (bus 0 bus_irq 0 global_irq 2 dfl dfl)
[    0.000000] ACPI: INT_SRC_OVR (bus 0 bus_irq 9 global_irq 9 low level)
[    0.000000] Using ACPI (MADT) for SMP configuration information
[    0.000000] smpboot: Allowing 2 CPUs, 0 hotplug CPUs
[    0.000000] PM: Registered nosave memory: [mem 0x00000000-0x00000fff]
[    0.000000] PM: Registered nosave memory: [mem 0x0009f000-0x0009ffff]
[    0.000000] PM: Registered nosave memory: [mem 0x000a0000-0x000effff]
[    0.000000] PM: Registered nosave memory: [mem 0x000f0000-0x000fffff]
[    0.000000] e820: [mem 0x80000000-0xfebfffff] available for PCI devices
[    0.000000] Booting paravirtualized kernel on KVM
[    0.000000] clocksource: refined-jiffies: mask: 0xffffffff max_cycles: 0xffffffff, max_idle_ns: 7645519600211568 ns
[    0.000000] random: get_random_bytes called from start_kernel+0x99/0x4fd with crng_init=0
[    0.000000] setup_percpu: NR_CPUS:8192 nr_cpumask_bits:2 nr_cpu_ids:2 nr_node_ids:1
[    0.000000] percpu: Embedded 46 pages/cpu @        (ptrval) s151552 r8192 d28672 u1048576
[    0.000000] PV qspinlock hash table entries: 256 (order: 0, 4096 bytes)
[    0.000000] Built 1 zonelists, mobility grouping on.  Total pages: 515961
[    0.000000] Policy zone: DMA32
[    0.000000] Kernel command line: BOOT_IMAGE=/boot/vmlinuz-4.15.0-45-generic root=LABEL=cloudimg-rootfs ro console=tty1 console=ttyS0
[    0.000000] Memory: 2015800K/2096696K available (12300K kernel code, 2473K rwdata, 4252K rodata, 2408K init, 2416K bss, 80896K reserved, 0K cma-reserved)
[    0.000000] SLUB: HWalign=64, Order=0-3, MinObjects=0, CPUs=2, Nodes=1
[    0.000000] Kernel/User page tables isolation: enabled
[    0.000000] ftrace: allocating 39194 entries in 154 pages
[    0.004000] Hierarchical RCU implementation.
[    0.004000] 	RCU restricting CPUs from NR_CPUS=8192 to nr_cpu_ids=2.
[    0.004000] 	Tasks RCU enabled.
[    0.004000] RCU: Adjusting geometry for rcu_fanout_leaf=16, nr_cpu_ids=2
[    0.004000] NR_IRQS: 524544, nr_irqs: 440, preallocated irqs: 16
[    0.004000] Console: colour VGA+ 80x25
[    0.004000] console [tty1] enabled
[    0.004000] console [ttyS0] enabled
[    0.004000] ACPI: Core revision 20170831
[    0.004000] ACPI: 2 ACPI AML tables successfully acquired and loaded
[    0.004000] APIC: Switch to symmetric I/O mode setup
[    0.004000] x2apic enabled
[    0.004000] Switched APIC routing to physical x2apic.
[    0.004000] ..TIMER: vector=0x30 apic1=0 pin1=2 apic2=-1 pin2=-1
[    0.004004] tsc: Detected 2592.000 MHz processor
[    0.004802] Calibrating delay loop (skipped) preset value.. 5184.00 BogoMIPS (lpj=10368000)
[    0.005176] pid_max: default: 32768 minimum: 301
[    0.005841] Security Framework initialized
[    0.006432] Yama: becoming mindful.
[    0.008020] AppArmor: AppArmor initialized
[    0.009193] Dentry cache hash table entries: 262144 (order: 9, 2097152 bytes)
[    0.010893] Inode-cache hash table entries: 131072 (order: 8, 1048576 bytes)
[    0.012014] Mount-cache hash table entries: 4096 (order: 3, 32768 bytes)
[    0.012932] Mountpoint-cache hash table entries: 4096 (order: 3, 32768 bytes)
[    0.014074] mce: CPU supports 0 MCE banks
[    0.014671] Last level iTLB entries: 4KB 64, 2MB 8, 4MB 8
[    0.015424] Last level dTLB entries: 4KB 64, 2MB 0, 4MB 0, 1GB 4
[    0.016003] Spectre V2 : Mitigation: Full generic retpoline
[    0.016793] Spectre V2 : Spectre v2 / SpectreRSB mitigation: Filling RSB on context switch
[    0.018200] Speculative Store Bypass: Vulnerable
[    0.019082] Freeing SMP alternatives memory: 36K
[    0.024000] smpboot: CPU0: Intel(R) Core(TM) i7-6700HQ CPU @ 2.60GHz (family: 0x6, model: 0x5e, stepping: 0x3)
[    0.024069] Performance Events: unsupported p6 CPU model 94 no PMU driver, software events only.
[    0.025587] Hierarchical SRCU implementation.
[    0.028297] NMI watchdog: Perf event create on CPU 0 failed with -2
[    0.029226] NMI watchdog: Perf NMI watchdog permanently disabled
[    0.030361] smp: Bringing up secondary CPUs ...
[    0.031344] x86: Booting SMP configuration:
[    0.031930] .... node  #0, CPUs:      #1
[    0.004000] kvm-clock: cpu 1, msr 0:7ff44041, secondary cpu clock
[    0.004000] mce: CPU supports 0 MCE banks
[    0.035668] smp: Brought up 1 node, 2 CPUs
[    0.036004] smpboot: Max logical packages: 1
[    0.040011] smpboot: Total of 2 processors activated (10368.00 BogoMIPS)
[    0.044260] devtmpfs: initialized
[    0.044652] x86/mm: Memory block size: 128MB
[    0.045428] evm: security.selinux
[    0.045927] evm: security.SMACK64
[    0.048002] evm: security.SMACK64EXEC
[    0.048709] evm: security.SMACK64TRANSMUTE
[    0.049538] evm: security.SMACK64MMAP
[    0.052003] evm: security.apparmor
[    0.052531] evm: security.ima
[    0.052973] evm: security.capability
[    0.053523] clocksource: jiffies: mask: 0xffffffff max_cycles: 0xffffffff, max_idle_ns: 7645041785100000 ns
[    0.053622] futex hash table entries: 512 (order: 3, 32768 bytes)
[    0.056059] pinctrl core: initialized pinctrl subsystem
[    0.056868] RTC time:  8:44:56, date: 01/21/20
[    0.057614] NET: Registered protocol family 16
[    0.058296] audit: initializing netlink subsys (disabled)
[    0.060010] audit: type=2000 audit(1579596301.777:1): state=initialized audit_enabled=0 res=1
[    0.061534] cpuidle: using governor ladder
[    0.061534] cpuidle: using governor menu
[    0.061534] ACPI: bus type PCI registered
[    0.062239] acpiphp: ACPI Hot Plug PCI Controller Driver version: 0.5
[    0.064087] PCI: Using configuration type 1 for base access
[    0.064904] HugeTLB registered 2.00 MiB page size, pre-allocated 0 pages
[    0.068094] ACPI: Added _OSI(Module Device)
[    0.068768] ACPI: Added _OSI(Processor Device)
[    0.069503] ACPI: Added _OSI(3.0 _SCP Extensions)
[    0.070341] ACPI: Added _OSI(Processor Aggregator Device)
[    0.071290] ACPI: Added _OSI(Linux-Dell-Video)
[    0.072003] ACPI: Added _OSI(Linux-Lenovo-NV-HDMI-Audio)
[    0.072919] ACPI: Added _OSI(Linux-HPI-Hybrid-Graphics)
[    0.073935] ACPI: Executed 1 blocks of module-level executable AML code
[    0.078577] ACPI: Interpreter enabled
[    0.079189] ACPI: (supports S0 S5)
[    0.079737] ACPI: Using IOAPIC for interrupt routing
[    0.080209] PCI: Using host bridge windows from ACPI; if necessary, use "pci=nocrs" and report a bug
[    0.081621] ACPI: Enabled 2 GPEs in block 00 to 07
[    0.088047] ACPI: PCI Root Bridge [PCI0] (domain 0000 [bus 00-ff])
[    0.088991] acpi PNP0A03:00: _OSC: OS supports [ASPM ClockPM Segments MSI]
[    0.090168] acpi PNP0A03:00: _OSC: not requesting OS control; OS requires [ExtendedConfig ASPM ClockPM MSI]
[    0.092014] acpi PNP0A03:00: fail to add MMCONFIG information, can't access extended PCI configuration space under this bridge.
[    0.096304] PCI host bridge to bus 0000:00
[    0.096893] pci_bus 0000:00: root bus resource [io  0x0000-0x0cf7 window]
[    0.100004] pci_bus 0000:00: root bus resource [io  0x0d00-0xffff window]
[    0.100958] pci_bus 0000:00: root bus resource [mem 0x000a0000-0x000bffff window]
[    0.101979] pci_bus 0000:00: root bus resource [mem 0x80000000-0xfdffffff window]
[    0.104003] pci_bus 0000:00: root bus resource [bus 00-ff]
[    0.106554] pci 0000:00:01.1: legacy IDE quirk: reg 0x10: [io  0x01f0-0x01f7]
[    0.108005] pci 0000:00:01.1: legacy IDE quirk: reg 0x14: [io  0x03f6]
[    0.108880] pci 0000:00:01.1: legacy IDE quirk: reg 0x18: [io  0x0170-0x0177]
[    0.109821] pci 0000:00:01.1: legacy IDE quirk: reg 0x1c: [io  0x0376]
[    0.133543] pci 0000:00:07.0: quirk: [io  0x4000-0x403f] claimed by PIIX4 ACPI
[    0.136034] pci 0000:00:07.0: quirk: [io  0x4100-0x410f] claimed by PIIX4 SMB
[    0.152700] ACPI: PCI Interrupt Link [LNKA] (IRQs 5 9 10 *11)
[    0.156310] ACPI: PCI Interrupt Link [LNKB] (IRQs 5 9 *10 11)
[    0.157214] ACPI: PCI Interrupt Link [LNKC] (IRQs 5 *9 10 11)
[    0.158122] ACPI: PCI Interrupt Link [LNKD] (IRQs 5 9 10 *11)
[    0.159363] SCSI subsystem initialized
[    0.164044] pci 0000:00:02.0: vgaarb: setting as boot VGA device
[    0.165048] pci 0000:00:02.0: vgaarb: VGA device added: decodes=io+mem,owns=io+mem,locks=none
[    0.166239] pci 0000:00:02.0: vgaarb: bridge control possible
[    0.167034] vgaarb: loaded
[    0.167489] ACPI: bus type USB registered
[    0.168026] usbcore: registered new interface driver usbfs
[    0.168827] usbcore: registered new interface driver hub
[    0.169593] usbcore: registered new device driver usb
[    0.170363] EDAC MC: Ver: 3.0.0
[    0.170363] PCI: Using ACPI for IRQ routing
[    0.172253] NetLabel: Initializing
[    0.172783] NetLabel:  domain hash size = 128
[    0.173411] NetLabel:  protocols = UNLABELED CIPSOv4 CALIPSO
[    0.174211] NetLabel:  unlabeled traffic allowed by default
[    0.175002] clocksource: Switched to clocksource kvm-clock
[    0.182745] VFS: Disk quotas dquot_6.6.0
[    0.183503] VFS: Dquot-cache hash table entries: 512 (order 0, 4096 bytes)
[    0.184553] AppArmor: AppArmor Filesystem Enabled
[    0.185321] pnp: PnP ACPI init
[    0.186755] pnp: PnP ACPI: found 3 devices
[    0.952] clocksource: acpi_pm: mask: 0xffffff max_cycles: 0xffffff, max_idle_ns: 2085701024 ns
[    0.273498] NET: Registered protocol family 2
[    0.274397] TCP established hash table entries: 16384 (order: 5, 131072 bytes)
[    0.275461] TCP bind hash table entries: 16384 (order: 6, 262144 bytes)
[    0.276905] TCP: Hash tables configured (established 16384 bind 16384)
[    0.277863] UDP hash table entries: 1024 (order: 3, 32768 bytes)
[    0.278701] UDP-Lite hash table entries: 1024 (order: 3, 32768 bytes)
[    0.279619] NET: Registered protocol family 1
[    0.280277] pci 0000:00:00.0: Limiting direct PCI/PCI transfers
[    0.281158] pci 0000:00:01.0: Activating ISA DMA hang workarounds
[    0.282052] pci 0000:00:02.0: Video device with shadowed ROM at [mem 0x000c0000-0x000dffff]
[    0.283285] Unpacking initramfs...
[    0.551771] Freeing initrd memory: 18976K
[    0.578088] platform rtc_cmos: registered platform RTC device (no PNP device found)
[    0.579482] Scanning for low memory corruption every 60 seconds
[    0.588081] Initialise system trusted keyrings
[    0.588975] Key type blacklist registered
[    0.589782] workingset: timestamp_bits=36 max_order=19 bucket_order=0
[    0.592186] zbud: loaded
[    0.593401] squashfs: version 4.0 (2009/01/31) Phillip Lougher
[    0.594706] fuse init (API version 7.26)
[    0.597445] Key type asymmetric registered
[    0.598197] Asymmetric key parser 'x509' registered
[    0.617480] Block layer SCSI generic (bsg) driver version 0.4 loaded (major 246)
[    0.638460] io scheduler noop registered
[    0.639038] io scheduler deadline registered
[    0.639727] io scheduler cfq registered (default)
[    0.640818] ACPI: AC Adapter [AC] (on-line)
[    0.687763] input: Power Button as /devices/LNXSYSTM:00/LNXPWRBN:00/input/input0
[    0.688911] ACPI: Power Button [PWRF]
[    0.689522] input: Sleep Button as /devices/LNXSYSTM:00/LNXSLPBN:00/input/input1
[    0.690615] ACPI: Sleep Button [SLPF]
[    0.693881] Serial: 8250/16550 driver, 32 ports, IRQ sharing enabled
[    0.694641] ACPI: Battery Slot [BAT0] (battery present)
[    0.731901] 00:02: ttyS0 at I/O 0x3f8 (irq = 4, base_baud = 115200) is a 16550A
[    0.734791] Linux agpgart interface v0.103
[    0.737183] loop: module loaded
[    0.738464] scsi host0: ata_piix
[    0.739200] scsi host1: ata_piix
[    0.739935] ata1: PATA max UDMA/33 cmd 0x1f0 ctl 0x3f6 bmdma 0xd000 irq 14
[    0.747821] ata2: PATA max UDMA/33 cmd 0x170 ctl 0x376 bmdma 0xd008 irq 15
[    0.749020] libphy: Fixed MDIO Bus: probed
[    0.749822] tun: Universal TUN/TAP device driver, 1.6
[    0.750679] PPP generic driver version 2.4.2
[    0.751511] ehci_hcd: USB 2.0 'Enhanced' Host Controller (EHCI) Driver
[    0.752607] ehci-pci: EHCI PCI platform driver
[    0.753327] ehci-platform: EHCI generic platform driver
[    0.757729] ohci_hcd: USB 1.1 'Open' Host Controller (OHCI) Driver
[    0.758826] ohci-pci: OHCI PCI platform driver
[    0.759640] ohci-platform: OHCI generic platform driver
[    0.760597] uhci_hcd: USB Universal Host Controller Interface driver
[    0.761773] i8042: PNP: PS/2 Controller [PNP0303:PS2K,PNP0f03:PS2M] at 0x60,0x64 irq 1,12
[    0.763635] serio: i8042 KBD port at 0x60,0x64 irq 1
[    0.764535] serio: i8042 AUX port at 0x60,0x64 irq 12
[    0.765515] mousedev: PS/2 mouse device common for all mice
[    0.766784] input: AT Translated Set 2 keyboard as /devices/platform/i8042/serio0/input/input2
[    0.838555] rtc_cmos rtc_cmos: rtc core: registered rtc_cmos as rtc0
[    0.840759] rtc_cmos rtc_cmos: alarms up to one day, 114 bytes nvram
[    0.841861] i2c /dev entries driver
[    0.842425] pcie_mp2_amd: AMD(R) PCI-E MP2 Communication Driver Version: 1.0
[    0.843544] device-mapper: uevent: version 1.0.3
[    0.844319] device-mapper: ioctl: 4.37.0-ioctl (2017-09-20) initialised: dm-devel@redhat.com
[    0.845553] ledtrig-cpu: registered to indicate activity on CPUs
[    0.846733] NET: Registered protocol family 10
[    0.850863] Segment Routing with IPv6
[    0.851497] NET: Registered protocol family 17
[    0.852204] Key type dns_resolver registered
[    0.853090] RAS: Correctable Errors collector initialized.
[    0.853896] sched_clock: Marking stable (853052282, 0)->(1187381599, -334329317)
[    0.866105] registered taskstats version 1
[    0.866716] Loading compiled-in X.509 certificates
[    0.869284] Loaded X.509 cert 'Build time autogenerated kernel key: e3b8f44ffaaceef3e3a84cfaebd8e5a9acebeaad'
[    0.870705] zswap: loaded using pool lzo/zbud
[    0.874281] Key type big_key registered
[    0.874875] Key type trusted registered
[    0.876850] Key type encrypted registered
[    0.877468] AppArmor: AppArmor sha1 policy hashing enabled
[    0.878258] ima: No TPM chip found, activating TPM-bypass! (rc=-19)
[    0.879117] ima: Allocated hash algorithm: sha1
[    0.879774] evm: HMAC attrs: 0x1
[    0.880487]   Magic number: 4:79:726
[    0.881033] block loop6: hash matches
[    0.881655] rtc_cmos rtc_cmos: setting system clock to 2020-01-21 08:44:57 UTC (1579596297)
[    0.882918] BIOS EDD facility v0.16 2004-Jun-25, 0 devices found
[    0.883754] EDD information not available.
[    0.910725] Freeing unused kernel memory: 2408K
[    0.977181] Write protecting the kernel read-only data: 20480k
[    1.048505] Freeing unused kernel memory: 2008K
[    1.052253] Freeing unused kernel memory: 1892K
[    1.057721] x86/mm: Checked W+X mappings: passed, no W+X pages found.
[    1.595656] x86/mm: Checking user space page tables
[    1.596086] tsc: Refined TSC clocksource calibration: 2592.779 MHz
[    1.596091] clocksource: tsc: mask: 0xffffffffffffffff max_cycles: 0x255f96792bb, max_idle_ns: 440795225571 ns
[    1.603726] x86/mm: Checked W+X mappings: passed, no W+X pages found.
Loading, please wait...
starting version 237
[    1.666648] e1000: Intel(R) PRO/1000 Network Driver - version 7.3.21-k8-NAPI
[    1.810573] e1000: Copyright (c) 1999-2006 Intel Corporation.
[    1.816951] Fusion MPT base driver 3.04.20
[    1.818000] Copyright (c) 1999-2008 LSI Corporation
[    1.826876] Fusion MPT SPI Host driver 3.04.20
[    1.829828] AVX2 version of gcm_enc/dec engaged.
[    1.830764] AES CTR mode by8 optimization enabled
[    2.023357] input: ImExPS/2 Generic Explorer Mouse as /devices/platform/i8042/serio1/input/input4
[    2.183551] e1000 0000:00:03.0 eth0: (PCI:33MHz:32-bit) 02:88:80:28:66:3a
[    2.407823] e1000 0000:00:03.0 eth0: Intel(R) PRO/1000 Network Connection
[    2.770546] e1000 0000:00:08.0 eth1: (PCI:33MHz:32-bit) 08:00:27:82:17:d5
[    2.848031] e1000 0000:00:08.0 eth1: Intel(R) PRO/1000 Network Connection
[    2.849986] e1000 0000:00:08.0 enp0s8: renamed from eth1
[    2.851637] mptbase: ioc0: Initiating bringup
[    2.860309] e1000 0000:00:03.0 enp0s3: renamed from eth0
[    2.977932] ioc0: LSI53C1030 A0: Capabilities={Initiator}
[    4.061878] scsi host2: ioc0: LSI53C1030 A0, FwRev=00000000h, Ports=1, MaxQ=256, IRQ=20
[    4.570608] scsi 2:0:0:0: Direct-Access     VBOX     HARDDISK         1.0  PQ: 0 ANSI: 5
[    4.644274] scsi target2:0:0: Beginning Domain Validation
[    4.661397] scsi target2:0:0: Domain Validation skipping write tests
[    4.662725] scsi target2:0:0: Ending Domain Validation
[    4.663894] scsi target2:0:0: asynchronous
[    4.666193] scsi 2:0:1:0: Direct-Access     VBOX     HARDDISK         1.0  PQ: 0 ANSI: 5
[    4.696096] scsi target2:0:1: Beginning Domain Validation
[    4.700100] random: fast init done
[    4.701276] scsi target2:0:1: Domain Validation skipping write tests
[    4.702976] scsi target2:0:1: Ending Domain Validation
[    4.704446] scsi target2:0:1: asynchronous
[    4.711644] random: systemd-udevd: uninitialized urandom read (16 bytes read)
[    4.713616] random: systemd-udevd: uninitialized urandom read (16 bytes read)
[    4.715458] random: systemd-udevd: uninitialized urandom read (16 bytes read)
[    4.718142] sd 2:0:0:0: Attached scsi generic sg0 type 0
[    4.719600] sd 2:0:0:0: [sda] 20971520 512-byte logical blocks: (10.7 GB/10.0 GiB)
[    4.721790] sd 2:0:0:0: [sda] Write Protect is off
[    4.723346] sd 2:0:0:0: [sda] Incomplete mode parameter data
[    4.725152] sd 2:0:0:0: [sda] Assuming drive cache: write through
[    4.727621] sd 2:0:1:0: [sdb] 20480 512-byte logical blocks: (10.5 MB/10.0 MiB)
[    4.730813] sd 2:0:1:0: [sdb] Write Protect is off
[    4.732085] sd 2:0:1:0: Attached scsi generic sg1 type 0
[    4.733253] sd 2:0:1:0: [sdb] Incomplete mode parameter data
[    4.734462] sd 2:0:1:0: [sdb] Assuming drive cache: write through
[    4.736052]  sda: sda1
[    4.737395] sd 2:0:0:0: [sda] Attached SCSI disk
[    4.740002] sd 2:0:1:0: [sdb] Attached SCSI disk
Begin: Loading essential drivers ... [    6.129600] raid6: sse2x1   gen() 10500 MB/s
[    6.177042] raid6: sse2x1   xor()  7504 MB/s
[    6.667115] raid6: sse2x2   gen() 16144 MB/s
[    7.177613] raid6: sse2x2   xor()  8645 MB/s
[    7.225576] raid6: sse2x4   gen() 13044 MB/s
[    7.272487] raid6: sse2x4   xor()  9819 MB/s
[    7.437123] raid6: avx2x1   gen() 23719 MB/s
[    7.848358] raid6: avx2x1   xor() 14785 MB/s
[    7.967070] raid6: avx2x2   gen() 27943 MB/s
[    8.207131] raid6: avx2x2   xor() 19614 MB/s
[    8.297031] raid6: avx2x4   gen() 27643 MB/s
[    8.345574] raid6: avx2x4   xor() 18954 MB/s
[    8.467638] raid6: using algorithm avx2x2 gen() 27943 MB/s
[    8.468461] raid6: .... xor() 19614 MB/s, rmw enabled
[    8.469127] raid6: using avx2x2 recovery algorithm
[    8.471038] xor: automatically using best checksumming function   avx       
[    8.473325] async_tx: api initialized (async)
done.
Begin: Running /scripts/init-premount ... done.
Begin: Mounting root file system ... Begin: Running /scripts/local-top ... done.
Begin: Running /scripts/local-premount ... [    8.514994] Btrfs loaded, crc32c=crc32c-intel
Scanning for Btrfs filesystems
done.
Warning: fsck no[    8.540993] EXT4-fs (sda1): mounted filesystem with ordered data mode. Opts: (null)
t present, so skipping root file system
done.
Begin: Running /scripts/local-bottom ... done.
Begin: Running /scripts/init-bottom ... done.
[    8.852686] ip_tables: (C) 2000-2006 Netfilter Core Team
[    8.863303] systemd[1]: systemd 237 running in system mode. (+PAM +AUDIT +SELINUX +IMA +APPARMOR +SMACK +SYSVINIT +UTMP +LIBCRYPTSETUP +GCRYPT +GNUTLS +ACL +XZ +LZ4 +SECCOMP +BLKID +ELFUTILS +KMOD -IDN2 +IDN -PCRE2 default-hierarchy=hybrid)
[    8.870729] systemd[1]: Detected virtualization oracle.
[    8.873113] systemd[1]: Detected architecture x86-64.

Welcome to [1mUbuntu 18.04.2 LTS[0m!

[    8.881718] systemd[1]: Set hostname to <ubuntu>.
[    8.884991] systemd[1]: Initializing machine ID from random generator.
[    8.886362] systemd[1]: Installed transient /etc/machine-id file.
[    9.125587] systemd[1]: Created slice User and Session Slice.
[[0;32m  OK  [0m] Created slice User and Session Slice.
[    9.127203] systemd[1]: Reached target System Time Synchronized.
[[0;32m  OK  [0m] Reached target System Time Synchronized.
[    9.128692] systemd[1]: Reached target User and Group Name Lookups.
[[0;32m  OK  [0m] Reached target User and Group Name Lookups.
[    9.130246] systemd[1]: Reached target Swap.
[[0;32m  OK  [0m] Reached target Swap.
[[0;32m  OK  [0m] Set up automount Arbitrary Executab…rmats File System Automount Point.
[[0;32m  OK  [0m] Created slice System Slice.
[[0;32m  OK  [0m] Listening on LVM2 poll daemon socket.
[[0;32m  OK  [0m] Listening on Journal Socket.
[[0;32m  OK  [0m] Listening on Syslog Socket.
[[0;32m  OK  [0m] Listening on /dev/initctl Compatibility Named Pipe.
         Mounting Huge Pages File System...
[[0;32m  OK  [0m] Listening on udev Control Socket.
         Starting Remount Root and Kernel File Systems...
         Starting Uncomplicated firewall...
[[0;32m  OK  [0m] Listening on Journal Audit Socket.
[[0;32m  OK  [0m] Listening on Network Service Netlink Socket.
[[0;32m  OK  [0m] Listening on Device-mapper event daemon FIFOs.
         Starting Create list of required st…ce nodes for the current kernel...
[[0;32m  OK  [0m] Listening on Journal Socket (/dev/log).
         Starting Journal Service...
         Mounting Kernel Debug File System...
         Starting Set the console keyboard layout...
[[0;32m  OK  [0m] Started Forward Password Requests to Wall Directory Watch.
[[0;32m  OK  [0m] Created slice system-serial\x2dgetty.slice.
[[0;32m  OK  [0m] Listening on udev Kernel Socket.
         Starting udev Coldplug all Devices...
[[0;32m  OK  [0m] Reached target Slices.
[[0;32m  OK  [0m] Listening on LVM2 metadata daemon socket.
         Starting Monitoring of LVM2 mirrors…ng dmeventd or progress polling...
         Mounting POSIX Message Queue File System...
[    9.204260] EXT4-fs (sda1): re-mounted. Opts: (null)
         Starting Load Kernel Modules...
[[0;32m  OK  [0m] Started Journal Service.
[    9.254720] Loading iSCSI transport class v2.0-870.
[[0;32m  OK  [0[   10.277901] iscsi: registered transport (tcp)
m] Mounted Huge Pages File System.
[[0;32m  OK  [0m] Started Remount Root and Kernel File Systems.
[[0;32m  OK  [0m] Started Uncomplicated firewall.
[[0;32m  OK  [0m] Started Create list of required sta…vice nodes for the current kernel.
[[0;32m  OK  [0m] Mounted Kernel Debug File System.
[[0;32m  OK  [0m] Mounted POSIX Message Queue File System.
[[0;32m  OK  [0m] Started LVM2 metadata daemon.
         Starting Create Static Device No[   10.360360] iscsi: registered transport (iser)
des in /dev...
         Starting Initial cloud-init job (pre-networking)...
         Starting Load/Save Random Seed...
         Starting Flush Journal to Persistent Storage...
[[0;32m  OK  [0m] Started Set the console keyboard layout.
[[0;32m  OK  [0m] Started Monitoring of LVM2 mirrors,…sing dmeventd or progress polling.
[[0;32m  OK  [0m] Started Load Kernel Modules.
[[0;32m  OK  [0m] Started udev Coldplug all Devices.
[[0;32m  OK  [0m] Started Create Static Device Nodes in /dev.
         Starting udev Kernel Device Manager...
         Mounting Kernel Configuration File System...
         Starting Apply Kernel Variables...
         Mounting FUSE Control File System...
[[0;32m  OK  [0m] Reached target Local File Systems (Pre).
[[0;32m  OK  [0m] Reached target Local File Systems.
         Starting ebtables ruleset management...
         Starting Set console font and keymap...
         Starting Commit a transient machine-id on disk...
         Starting Tell Plymouth To Write Out Runtime Data...
         Starting AppArmor initialization...
[[0;32m  OK  [0m] Started Load/Save Random Seed.
[[0;32m  OK  [0m] Mounted Kernel Configuration File System.
[[0;32m  OK  [0m] Mounted FUSE Control File System.
[   10.647506] systemd-journald[388]: Received request to flush runtime journal from PID 1
[[0;32m  OK  [0m] Started udev Kernel Device Manager.
[[0;32m  OK  [0m] Started Set console font and keymap.
[[0;32m  OK  [0m] Started Tell Plymouth To Write Out Runtime Data.
[[0;32m  OK  [0m] Started Flush Journal to Persistent Storage.
[[0;32m  OK  [0m] Started Apply Kernel Variables.
[[0;32m  OK  [0m] Started Commit a transient machine-id on disk.
         Starting Create Volatile Files and Directories...
[[0;32m  OK  [0m] Started Dispatch Password Requests to Console Directory Watch.
[[0;32m  OK  [0m] Reached target Local Encrypted Volumes.
[[0;32m  OK  [0m] Started Create Volatile Files and Directories.
[[0;32m  OK  [0m] Started ebtables ruleset management.
[[0;32m  OK  [0m] Found device /dev/ttyS0.
[[0;32m  OK  [0m] Listening on Load/Save RF Kill Switch Status /dev/rfkill Watch.
         Starting Update UTMP about System Boot/Shutdown...
[[0;32m  OK  [0m] Started Update UTMP about System Boot/Shutdown.
[[0;32m  OK  [0m] Started AppArmor initialization.
[   11.971867] cloud-init[410]: Cloud-init v. 18.4-0ubuntu1~18.04.1 running 'init-local' at Tue, 21 Jan 2020 08:45:08 +0000. Up 11.59 seconds.
[[0;32m  OK  [0m] Started Initial cloud-init job (pre-networking).
[[0;32m  OK  [0m] Reached target Network (Pre).
         Starting Network Service...
[[0;32m  OK  [0m] Started Network Service.
         Starting Wait for Network to be Configured...
         Starting Network Name Resolution...
[[0;32m  OK  [0m] Started Network Name Resolution.
[[0;32m  OK  [0m] Reached target Host and Network Name Lookups.
[[0;32m  OK  [0m] Reached target Network.
[[0;32m  OK  [0m] Started Wait for Network to be Configured.
         Starting Initial cloud-init job (metadata service crawler)...
[   14.048442] cloud-init[640]: Cloud-init v. 18.4-0ubuntu1~18.04.1 running 'init' at Tue, 21 Jan 2020 08:45:10 +0000. Up 13.93 seconds.
[   14.057960] cloud-init[640]: ci-info: ++++++++++++++++++++++++++++++++++++++Net device info+++++++++++++++++++++++++++++++++++++++
[   14.060962] cloud-init[640]: ci-info: +--------+-------+----------------------------+---------------+--------+-------------------+
[   14.062558] cloud-init[640]: ci-info: | Device |   Up  |          Address           |      Mask     | Scope  |     Hw-Address    |
[   14.064045] cloud-init[640]: ci-info: +--------+-------+----------------------------+---------------+--------+-------------------+
[   14.065618] cloud-init[640]: ci-info: | enp0s3 |  True |         10.0.2.15          | 255.255.255.0 | global | 02:88:80:28:66:3a |
[   14.067415] cloud-init[640]: ci-info: | enp0s3 |  True | fe80::88:80ff:fe28:663a/64 |       .       |  link  | 02:88:80:28:66:3a |
[   14.068934] cloud-init[640]: ci-info: | enp0s8 | False |             .              |       .       |   .    | 08:00:27:82:17:d5 |
[   14.072458] cloud-init[640]: ci-info: |   lo   |  True |         127.0.0.1          |   255.0.0.0   |  host  |         .         |
[   14.074161] cloud-init[640]: ci-info: |   lo   |  True |          ::1/128           |       .       |  host  |         .         |
[   14.075634] cloud-init[640]: ci-info: +--------+-------+----------------------------+---------------+--------+-------------------+
[   14.077258] cloud-init[640]: ci-info: ++++++++++++++++++++++++++++Route IPv4 info+++++++++++++++++++++++++++++
[   14.078596] cloud-init[640]: ci-info: +-------+-------------+----------+-----------------+-----------+-------+
[   14.079913] cloud-init[640]: ci-info: | Route | Destination | Gateway  |     Genmask     | Interface | Flags |
[   14.081249] cloud-init[640]: ci-info: +-------+-------------+----------+-----------------+-----------+-------+
[   14.085279] cloud-init[640]: ci-info: |   0   |   0.0.0.0   | 10.0.2.2 |     0.0.0.0     |   enp0s3  |   UG  |
[   14.140188] cloud-init[640]: ci-info: |   1   |   10.0.2.0  | 0.0.0.0  |  255.255.255.0  |   enp0s3  |   U   |
[   14.161574] cloud-init[640]: ci-info: |   2   |   10.0.2.2  | 0.0.0.0  | 255.255.255.255 |   enp0s3  |   UH  |
[   14.162914] cloud-init[640]: ci-info: +-------+-------------+----------+-----------------+-----------+-------+
[   14.164253] cloud-init[640]: ci-info: +++++++++++++++++++Route IPv6 info+++++++++++++++++++
[   14.165390] cloud-init[640]: ci-info: +-------+-------------+---------+-----------+-------+
[   14.166566] cloud-init[640]: ci-info: | Route | Destination | Gateway | Interface | Flags |
[   14.167794] cloud-init[640]: ci-info: +-------+-------------+---------+-----------+-------+
[   14.168975] cloud-init[640]: ci-info: |   1   |  fe80::/64  |    ::   |   enp0s3  |   U   |
[   14.170121] cloud-init[640]: ci-info: |   3   |    local    |    ::   |   enp0s3  |   U   |
[   14.171237] cloud-init[640]: ci-info: |   4   |   ff00::/8  |    ::   |   enp0s3  |   U   |
[   14.172390] cloud-init[640]: ci-info: +-------+-------------+---------+-----------+-------+
[   14.710571] cloud-init[640]: Generating public/private rsa key pair.
[   14.711725] cloud-init[640]: Your identification has been saved in /etc/ssh/ssh_host_rsa_key.
[   14.713056] cloud-init[640]: Your public key has been saved in /etc/ssh/ssh_host_rsa_key.pub.
[   14.727381] cloud-init[640]: The key fingerprint is:
[   14.757382] cloud-init[640]: SHA256:GafKyYGQwOKqCfa1KKov+Q5FanaFVn23nwt5CXKmvMg root@ubuntu-bionic
[   14.758869] cloud-init[640]: The key's randomart image is:
[   14.759915] cloud-init[640]: +---[RSA 2048]----+
[   14.760918] cloud-init[640]: |o    ..          |
[   14.761904] cloud-init[640]: |.o .o  . . .     |
[[0;32m  OK  [0m] Started Initial cloud-init job (metadata service crawler).
[   14.774918] cloud-init[[0;32m  OK  [0m] Reached target Cloud-config availability.
[640]: |o +o .  o o .    |
[[0;32m  OK  [0m] Reached target System Initialization.
[   14.783728] cloud-init[640]: | +....   * =     |
[[   14.800432] cloud-init[640]: |oo... . S = + o  |
[0;32m  OK  [0m[   14.800624] cloud-init[640]: |=o.  + + o o =   |
] [   14.801390] cloud-init[640]: |=o. o B . . o .  |
Started ACPI Events Check.[   14.802134] cloud-init[640]: |=o o . E .   .   |

[   14.802980] cloud-init[640]: |===              |
[   14.804204] cloud-init[640]: +----[SHA256]-----+
[   14.804871] cloud-init[640]: Generating public/private dsa key pair.
[[   14.804977] cloud-init[640]: Your identification has been saved in /etc/ssh/ssh_host_dsa_key.
[0;32m  OK  [0m[   14.805839] cloud-init[640]: Your public key has been saved in /etc/ssh/ssh_host_dsa_key.pub.
] Listening on UUID daemon activation socket.[   14.807067] cloud-init[640]: The key fingerprint is:

[   14.808617] cloud-init[640]: SHA256:BL9T+bucCt3E0wRqRZmbv3LdnXyAL5c2ZQgxuNhyZMY root@ubuntu-bionic
[   14.810261] cloud-init[640]: The key's randomart image is:
[[   14.846688] cloud-init[640]: +---[DSA 1024]----+
[0;32m  OK  [0m[   14.847022] cloud-init[640]: |      .  . o+o   |
] Reached target Paths.
[   14.847351] cloud-init[640]: |       o  E+=.   |
[[   14.855587] cloud-init[640]: |        o*=. =.  |
[0;32m  OK  [0m[   14.855889] cloud-init[640]: |       .o++o+o   |
] [   14.857196] cloud-init[640]: |        So  =+.. |
Listening on Open-iSCSI iscsid Socket.[   14.858317] cloud-init[640]: |         o o.o+ o|

[   14.859896] cloud-init[640]: |        . . o..B+|
[   14.861896] cloud-init[640]: |         . .ooOo=|
[   14.862834] cloud-init[640]: |          ..+* ..|
[[   14.863781] cloud-init[640]: +----[SHA256]-----+
[0;32m  OK  [0m[   14.864109] cloud-init[640]: Generating public/private ecdsa key pair.
] [   14.865359] cloud-init[640]: Your identification has been saved in /etc/ssh/ssh_host_ecdsa_key.
Started Daily apt download activities.[   14.866847] cloud-init[640]: Your public key has been saved in /etc/ssh/ssh_host_ecdsa_key.pub.

[   14.869157] cloud-init[640]: The key fingerprint is:
[   14.871908] cloud-init[640]: SHA256:Kygd9UAKkiCwhAI9C3CXGM9vL9AdB6XJwZJE46V4Rgc root@ubuntu-bionic
[[   14.873658] cloud-init[640]: The key's randomart image is:
[0;32m  OK  [0m[   14.873936] cloud-init[640]: +---[ECDSA 256]---+
] [   14.875351] cloud-init[640]: |&++o.+E+=..      |
Started Daily apt upgrade and clean activities.[   14.876462] cloud-init[640]: |B++=.*o*.=       |

[   14.878248] cloud-init[640]: |o. o= B.= .      |
[   14.879980] cloud-init[640]: |  .  * + o       |
[[   14.881188] cloud-init[640]: |    o + S        |
[0;32m  OK  [0m[   14.881451] cloud-init[640]: |   . = . .       |
] [   14.882521] cloud-init[640]: |  . o o o        |
Listening on D-Bus System Message Bus Socket.[   14.883380] cloud-init[640]: |   .   o         |

[   14.884698] cloud-init[640]: |                 |
[   14.886069] [cloud-init[640]: +----[SHA256]-----+
[0;32m  OK  [0m[   14.886491] cloud-init[640]: Generating public/private ed25519 key pair.
] [   14.887435] cloud-init[640]: Your identification has been saved in /etc/ssh/ssh_host_ed25519_key.
Started Message of the Day.[   14.888757] cloud-init[640]: Your public key has been saved in /etc/ssh/ssh_host_ed25519_key.pub.

[   14.890482] cloud-init[640]: The key fingerprint is:
[   14.892485] cloud-init[640]: SHA256:/www9mw6XA1Xc77dbonyZnGIw4bEJ+Y3C1Bkd4zchfw root@ubuntu-bionic
[   14.893550] [cloud-init[640]: The key's randomart image is:
[0;32m  OK  [0m[   14.893917] cloud-init[640]: +--[ED25519 256]--+
] [   14.894617] cloud-init[640]: |        .o..=.o. |
Started Discard unused blocks once a week.[   14.895324] cloud-init[640]: |        ...o.=o .|

[   14.896358] cloud-init[640]: |        o    ..+ |
[   14.897631] cloud-init[640]: |       . =...  E.|
[   14.898284] cloud-init[640]: |        S =+. . +|
[   14.899004] cloud-init[640]: |       . X.B.o oo|
[   14.899577] cloud-init[640]: |       . .X + +..|
[   14.900140] cloud-init[640]: |        oo * + .o|
[   14.900750] cloud-init[640]: |        ..  B. . |
[   14.901326] cloud-init[640]: +----[SHA256]-----+
         Starting LXD - unix socket.
         Starting Socket activation for snappy daemon.
[[0;32m  OK  [0m] Started Daily Cleanup of Temporary Directories.
[[0;32m  OK  [0m] Reached target Timers.
[[0;32m  OK  [0m] Listening on ACPID Listen Socket.
[[0;32m  OK  [0m] Reached target Network is Online.
         Starting Availability of block devices...
[[0;32m  OK  [0m] Reached target Remote File Systems (Pre).
[[0;32m  OK  [0m] Reached target Remote File Systems.
[[0;32m  OK  [0m] Listening on LXD - unix socket.
[[0;32m  OK  [0m] Listening on Socket activation for snappy daemon.
[[0;32m  OK  [0m] Started Availability of block devices.
[[0;32m  OK  [0m] Reached target Sockets.
[[0;32m  OK  [0m] Reached target Basic System.
         Starting Pollinate to seed the pseudo random number generator...
         Starting LSB: automatic crash report generation...
[[0;32m  OK  [0m] Started Deferred execution scheduler.
[[0;32m  OK  [0m] Started D-Bus System Message Bus.
[[0;32m  OK  [0m] Started FUSE filesystem for LXC.
         Starting Virtualbox guest utils...
         Starting Snappy daemon...
         Starting Login Service...
[[0;32m  OK  [0m] Started Regular background program processing daemon.
         Starting System Logging Service...
[[0;32m  OK  [0m] Started irqbalance daemon.
         Starting Accounts Service...
         Starting LSB: Record successful boot for GRUB...
         Starting LXD - container startup/shutdown...
         Starting Permit User Sessions...
         Starting Dispatcher daemon for systemd-networkd...
[[0;32m  OK  [0m] Started Login Service.
[[0;32m  OK  [0m] Started Unattended Upgrades Shutdown.
[[0;32m  OK  [0m] Started System Logging Service.
[[0;32m  OK  [0m] Started Permit User Sessions.
         Starting Hold until boot process finishes up...
         Starting Terminate Plymouth Boot Screen...
         Starting Authorization Manager...
[[0;32m  OK  [0m] Started Hold until boot process finishes up.
[[0;32m  OK  [0m] Started Serial Getty on ttyS0.
         Starting Set console scheme...
[[0;32m  OK  [0m] Started Terminate Plymouth Boot Screen.
[[0;32m  OK  [0m] Started LSB: automatic crash report generation.
[[0;32m  OK  [0m] Started Set console scheme.
[[0;32m  OK  [0m] Created slice system-getty.slice.
[[0;32m  OK  [0m] Started Getty on tty1.
[[0;32m  OK  [0m] Reached target Login Prompts.
[[0;32m  OK  [0m] Started Authorization Manager.
[[0;32m  OK  [0m] Started Accounts Service.
[[0;32m  OK  [0m] Started LSB: Record successful boot for GRUB.
[[0;32m  OK  [0m] Started Virtualbox guest utils.
[[0;32m  OK  [0m] Started LXD - container startup/shutdown.
[[0;32m  OK  [0m] Started Snappy daemon.
         Starting Wait until snapd is fully seeded...
[[0;32m  OK  [0m] Started Dispatcher daemon for systemd-networkd.
[[0;32m  OK  [0m] Started Pollinate to seed the pseudo random number generator.
         Starting OpenBSD Secure Shell server...
[[0;32m  OK  [0m] Started OpenBSD Secure Shell server.
[[0;32m  OK  [0m] Started Wait until snapd is fully seeded.
         Starting Apply the settings specified in cloud-config...
[[0;32m  OK  [0m] Reached target Multi-User System.
[[0;32m  OK  [0m] Reached target Graphical Interface.
         Starting Update UTMP about System Runlevel Changes...
[[0;32m  OK  [0m] Started Update UTMP about System Runlevel Changes.
[   17.492414] cloud-init[1147]: Cloud-init v. 18.4-0ubuntu1~18.04.1 running 'modules:config' at Tue, 21 Jan 2020 08:45:13 +0000. Up 17.14 seconds.
[[0;32m  OK  [0m] Started Apply the settings specified in cloud-config.
         Starting Execute cloud user/final scripts...
ci-info: no authorized ssh keys fingerprints found for user ubuntu.
<14>Jan 21 08:45:14 ec2: 
<14>Jan 21 08:45:14 ec2: #############################################################
<14>Jan 21 08:45:14 ec2: -----BEGIN SSH HOST KEY FINGERPRINTS-----
<14>Jan 21 08:45:14 ec2: 1024 SHA256:BL9T+bucCt3E0wRqRZmbv3LdnXyAL5c2ZQgxuNhyZMY root@ubuntu-bionic (DSA)
<14>Jan 21 08:45:14 ec2: 256 SHA256:Kygd9UAKkiCwhAI9C3CXGM9vL9AdB6XJwZJE46V4Rgc root@ubuntu-bionic (ECDSA)
<14>Jan 21 08:45:14 ec2: 256 SHA256:/www9mw6XA1Xc77dbonyZnGIw4bEJ+Y3C1Bkd4zchfw root@ubuntu-bionic (ED25519)
<14>Jan 21 08:45:14 ec2: 2048 SHA256:GafKyYGQwOKqCfa1KKov+Q5FanaFVn23nwt5CXKmvMg root@ubuntu-bionic (RSA)
<14>Jan 21 08:45:14 ec2: -----END SSH HOST KEY FINGERPRINTS-----
<14>Jan 21 08:45:14 ec2: #############################################################
-----BEGIN SSH HOST KEY KEYS-----
ecdsa-sha2-nistp256 AAAAE2VjZHNhLXNoYTItbmlzdHAyNTYAAAAIbmlzdHAyNTYAAABBBFkcYu0KyGT9oUXzEWO9DdxhSVslA9QnImyy/R9pyQdAs7x0NVXQit4hw5gf5iUr5WGBQmEYPYWFt8eKSZLu28E= root@ubuntu-bionic
ssh-ed25519 AAAAC3NzaC1lZDI1NTE5AAAAINIdNzskTAk4to9l6jer/dsJKKAnmujuTJXYDJJIE98O root@ubuntu-bionic
ssh-rsa AAAAB3NzaC1yc2EAAAADAQABAAABAQC/CwT6E52yVVWSQ8pneLetMLJu0LxV+EwKq7Zr6p8XGt+/sCLtx/dP23x3WhI4qnZcLo3yuqO4v/a9D/PfsXLnKgPVi9/9RybeTY9EvxIam5WabQEQsghEV5DmO0E1FTHYJopvr7o+54Kz8sL69cOfraJfaAVd/U85xuDTyOZBFOvl0FfQIMatlXlviVrFSMcWSi5v4jYc8D/VloaRm35RuqIHjYWEQo9uE/C3Tm4b4EbzGDoxhxSpmaw/k1Go4D+StYnEA3AWfWl0zoI+nM2AHEPKkM0aZkc7RrIEJVbd1vOtAGnl1OE2zFhbE7Iy+tQFXn/1GldmtL0Lk6VaJ5uP root@ubuntu-bionic
-----END SSH HOST KEY KEYS-----
[   17.973912] cloud-init[1209]: Cloud-init v. 18.4-0ubuntu1~18.04.1 running 'modules:final' at Tue, 21 Jan 2020 08:45:14 +0000. Up 17.84 seconds.
[   17.976141] cloud-init[1209]: ci-info: no authorized ssh keys fingerprints found for user ubuntu.
[   17.977729] cloud-init[1209]: Cloud-init v. 18.4-0ubuntu1~18.04.1 finished at Tue, 21 Jan 2020 08:45:14 +0000. Datasource DataSourceNoCloud [seed=/dev/sdb][dsmode=net].  Up 17.96 seconds
[[0;32m  OK  [0m] Started Execute cloud user/final scripts.
[[0;32m  OK  [0m] Reached target Cloud-init target.

Ubuntu 18.04.2 LTS ubuntu-bionic ttyS0

ubuntu-bionic login:                                                                                                                                                                 [14800.283818] e1000 0000:00:08.0 enp0s8: Reset adapter
